<?xml version="1.0" encoding="UTF-8"?>
<testsuites>
  <testsuite name="CLI Arguments" tests="3" assertions="2" errors="0" failures="1" skipped="1" time="0.001188">
    <testsuite name="CalcTest" file="/work/tests/CalcTest.php" tests="3" assertions="2" errors="0" failures="1" skipped="1" time="0.001188">
      <testcase name="testAddsTwoNumbers" file="/work/tests/CalcTest.php" line="9" class="CalcTest" classname="CalcTest" assertions="1" time="0.000335"/>
      <testcase name="testFailsOnAWrongSum" file="/work/tests/CalcTest.php" line="14" class="CalcTest" classname="CalcTest" assertions="1" time="0.000603">
        <failure type="PHPUnit\Framework\ExpectationFailedException">CalcTest::testFailsOnAWrongSum
Failed asserting that 3 is identical to 4.

/work/tests/CalcTest.php:16</failure>
      </testcase>
      <testcase name="testIsNotImplementedYet" file="/work/tests/CalcTest.php" line="19" class="CalcTest" classname="CalcTest" assertions="0" time="0.000251">
        <skipped/>
      </testcase>
    </testsuite>
  </testsuite>
</testsuites>
