<?xml version="1.0" encoding="UTF-8"?>
<testsuite name="rspec" tests="3" skipped="1" failures="1" errors="0" time="0.012094" timestamp="2026-09-05T18:04:59+00:00" hostname="c09b2fc24a9a">
<properties>
<property name="seed" value="22669"/>
</properties>
<testcase classname="spec.calc_spec" name="Calc adds two numbers" file="./spec/calc_spec.rb" time="0.000934"></testcase>
<testcase classname="spec.calc_spec" name="Calc fails on a wrong sum" file="./spec/calc_spec.rb" time="0.008841"><failure message="
expected: 4
     got: 3

(compared using ==)
" type="RSpec::Expectations::ExpectationNotMetError">Failure/Error: expect(Calc.add(1, 2)).to eq(4)

  expected: 4
       got: 3

  (compared using ==)
./spec/calc_spec.rb:9:in `block (2 levels) in &lt;top (required)&gt;&apos;</failure></testcase>
<testcase classname="spec.calc_spec" name="Calc is not implemented yet" file="./spec/calc_spec.rb" time="0.000183"><skipped/></testcase>
</testsuite>
